# Logfile created on 2014-01-10 10:51:12 -0600 by logger.rb/36483
I, [2014-01-10T10:51:12.334868 #47714]  INFO -- : 0:  rake (10.0.4) from /Users/free005304/.rvm/gems/ruby-2.0.0-p247/specifications/rake-10.0.4.gemspec
I, [2014-01-10T10:51:12.335253 #47714]  INFO -- : 0:  RedCloth (4.2.9) from /Users/free005304/.rvm/gems/ruby-2.0.0-p247/specifications/RedCloth-4.2.9.gemspec
I, [2014-01-10T10:51:12.335515 #47714]  INFO -- : 0:  addressable (2.3.4) from /Users/free005304/.rvm/gems/ruby-2.0.0-p247/specifications/addressable-2.3.4.gemspec
I, [2014-01-10T10:51:12.335764 #47714]  INFO -- : 0:  posix-spawn (0.3.6) from /Users/free005304/.rvm/gems/ruby-2.0.0-p247/specifications/posix-spawn-0.3.6.gemspec
I, [2014-01-10T10:51:12.335990 #47714]  INFO -- : 0:  albino (1.3.3) from /Users/free005304/.rvm/gems/ruby-2.0.0-p247/specifications/albino-1.3.3.gemspec
I, [2014-01-10T10:51:12.336212 #47714]  INFO -- : 0:  fast-stemmer (1.0.2) from /Users/free005304/.rvm/gems/ruby-2.0.0-p247/specifications/fast-stemmer-1.0.2.gemspec
I, [2014-01-10T10:51:12.336441 #47714]  INFO -- : 0:  classifier (1.3.3) from /Users/free005304/.rvm/gems/ruby-2.0.0-p247/specifications/classifier-1.3.3.gemspec
I, [2014-01-10T10:51:12.336657 #47714]  INFO -- : 0:  directory_watcher (1.5.1) from /Users/free005304/.rvm/gems/ruby-2.0.0-p247/specifications/directory_watcher-1.5.1.gemspec
I, [2014-01-10T10:51:12.336891 #47714]  INFO -- : 0:  dotenv (0.7.0) from /Users/free005304/.rvm/gems/ruby-2.0.0-p247/specifications/dotenv-0.7.0.gemspec
I, [2014-01-10T10:51:12.337122 #47714]  INFO -- : 0:  excon (0.22.1) from /Users/free005304/.rvm/gems/ruby-2.0.0-p247/specifications/excon-0.22.1.gemspec
I, [2014-01-10T10:51:12.337338 #47714]  INFO -- : 0:  thor (0.18.1) from /Users/free005304/.rvm/gems/ruby-2.0.0-p247/specifications/thor-0.18.1.gemspec
I, [2014-01-10T10:51:12.337563 #47714]  INFO -- : 0:  foreman (0.63.0) from /Users/free005304/.rvm/gems/ruby-2.0.0-p247/specifications/foreman-0.63.0.gemspec
I, [2014-01-10T10:51:12.337796 #47714]  INFO -- : 0:  heroku-api (0.3.11) from /Users/free005304/.rvm/gems/ruby-2.0.0-p247/specifications/heroku-api-0.3.11.gemspec
I, [2014-01-10T10:51:12.338021 #47714]  INFO -- : 0:  launchy (2.3.0) from /Users/free005304/.rvm/gems/ruby-2.0.0-p247/specifications/launchy-2.3.0.gemspec
I, [2014-01-10T10:51:12.338241 #47714]  INFO -- : 0:  netrc (0.7.7) from /Users/free005304/.rvm/gems/ruby-2.0.0-p247/specifications/netrc-0.7.7.gemspec
I, [2014-01-10T10:51:12.338470 #47714]  INFO -- : 0:  mime-types (1.23) from /Users/free005304/.rvm/gems/ruby-2.0.0-p247/specifications/mime-types-1.23.gemspec
I, [2014-01-10T10:51:12.338698 #47714]  INFO -- : 0:  rest-client (1.6.7) from /Users/free005304/.rvm/gems/ruby-2.0.0-p247/specifications/rest-client-1.6.7.gemspec
I, [2014-01-10T10:51:12.338922 #47714]  INFO -- : 0:  rubyzip (0.9.9) from /Users/free005304/.rvm/gems/ruby-2.0.0-p247/specifications/rubyzip-0.9.9.gemspec
I, [2014-01-10T10:51:12.339145 #47714]  INFO -- : 0:  heroku (2.39.4) from /Users/free005304/.rvm/gems/ruby-2.0.0-p247/specifications/heroku-2.39.4.gemspec
I, [2014-01-10T10:51:12.339367 #47714]  INFO -- : 0:  kramdown (0.14.2) from /Users/free005304/.rvm/gems/ruby-2.0.0-p247/specifications/kramdown-0.14.2.gemspec
I, [2014-01-10T10:51:12.339589 #47714]  INFO -- : 0:  liquid (2.5.0) from /Users/free005304/.rvm/gems/ruby-2.0.0-p247/specifications/liquid-2.5.0.gemspec
I, [2014-01-10T10:51:12.339805 #47714]  INFO -- : 0:  syntax (1.0.0) from /Users/free005304/.rvm/gems/ruby-2.0.0-p247/specifications/syntax-1.0.0.gemspec
I, [2014-01-10T10:51:12.340027 #47714]  INFO -- : 0:  maruku (0.6.1) from /Users/free005304/.rvm/gems/ruby-2.0.0-p247/specifications/maruku-0.6.1.gemspec
I, [2014-01-10T10:51:12.340251 #47714]  INFO -- : 0:  jekyll (0.11.2) from /Users/free005304/.rvm/gems/ruby-2.0.0-p247/specifications/jekyll-0.11.2.gemspec
I, [2014-01-10T10:51:13.730971 #47714]  INFO -- : 0:  newrelic_rpm (3.7.1.182) from /Users/free005304/.rvm/gems/ruby-2.0.0-p247/specifications/newrelic_rpm-3.7.1.182.gemspec
I, [2014-01-10T10:51:13.731327 #47714]  INFO -- : 0:  rack (1.5.2) from /Users/free005304/.rvm/gems/ruby-2.0.0-p247/specifications/rack-1.5.2.gemspec
I, [2014-01-10T10:51:13.731576 #47714]  INFO -- : 0:  redcarpet (1.17.2) from /Users/free005304/.rvm/gems/ruby-2.0.0-p247/specifications/redcarpet-1.17.2.gemspec
I, [2014-01-10T10:51:13.731807 #47714]  INFO -- : 0:  shotgun (0.9) from /Users/free005304/.rvm/gems/ruby-2.0.0-p247/specifications/shotgun-0.9.gemspec
I, [2014-01-10T10:51:13.732021 #47714]  INFO -- : 0:  bundler (1.5.1) from /Users/free005304/.rvm/gems/ruby-2.0.0-p247/specifications/bundler-1.5.1.gemspec
